{
  "RSpec": {
    "coverage": {
      "/home/humorous-object-3054/tic-tac-toe-rb-online-web-sp-000/lib/tic_tac_toe.rb": [
        1,
        23,
        null,
        null,
        1,
        14,
        14,
        14,
        14,
        14,
        null,
        null,
        1,
        13,
        null,
        null,
        1,
        12,
        null,
        null,
        null,
        1,
        null,
        null,
        null,
        null,
        null,
        null,
        null,
        null,
        null,
        1,
        10,
        70,
        null,
        null,
        null,
        null,
        null,
        1,
        13,
        1,
        null,
        null,
        null,
        13,
        null,
        null,
        1,
        59,
        null,
        null,
        1,
        5,
        null,
        null,
        1,
        3,
        null,
        null,
        1,
        3,
        2,
        null,
        null,
        null,
        1,
        13,
        13,
        10,
        10,
        9,
        9,
        null,
        1,
        null,
        null,
        null,
        1,
        11,
        11,
        99,
        5,
        null,
        null,
        11,
        null,
        null,
        null,
        1,
        10,
        10,
        10,
        null,
        0,
        null,
        10,
        null,
        null,
        1,
        12,
        null
      ]
    },
    "timestamp": 1568389913
  }
}
