{
  "RSpec": {
    "coverage": {
      "/home/humorous-object-3054/tic-tac-toe-rb-online-web-sp-000/lib/tic_tac_toe.rb": [
        1,
        14,
        null,
        null,
        1,
        5,
        5,
        5,
        5,
        5,
        null,
        null,
        1,
        3,
        null,
        null,
        1,
        3,
        null,
        null,
        null,
        1,
        null,
        null,
        null,
        null,
        null,
        null,
        null,
        null,
        null,
        1,
        10,
        70,
        null,
        null,
        null,
        null,
        null,
        1,
        3,
        1,
        null,
        null,
        null,
        3,
        null,
        null,
        1,
        59,
        null,
        null,
        1,
        5,
        null,
        null,
        1,
        3,
        null,
        null,
        1,
        3,
        2,
        null,
        null
      ]
    },
    "timestamp": 1568389741
  }
}
